scrapy crawl driveway -a first_name=Tester -a last_name=Tester -a email=tester@gmail.com -a phone_number=2052030652 -a zip_code=77381 -a vin=5YJYGDED2MF132752 -a mileage=23118 -a condition=0 -o driveway.json            
2023-01-16 19:04:36 [scrapy.utils.log] INFO: Scrapy 2.7.1 started (bot: carprice)
2023-01-16 19:04:36 [scrapy.utils.log] INFO: Versions: lxml 4.9.2.0, libxml2 2.9.12, cssselect 1.2.0, parsel 1.7.0, w3lib 2.1.1, Twisted 22.10.0, Python 3.10.5 (tags/v3.10.5:f377153, Jun  6 2022, 16:14:13) [MSC v.1929 64 bit (AMD64)], pyOpenSSL 23.0.0 (OpenSSL 3.0.7 1 Nov 2022), cryptography 39.0.0, Platform Windows-10-10.0.22000-SP0
2023-01-16 19:04:36 [scrapy.crawler] INFO: Overridden settings:
{'BOT_NAME': 'carprice',
 'NEWSPIDER_MODULE': 'carprice.spiders',
 'REQUEST_FINGERPRINTER_IMPLEMENTATION': '2.7',
 'ROBOTSTXT_OBEY': True,
 'SPIDER_MODULES': ['carprice.spiders'],
 'TWISTED_REACTOR': 'twisted.internet.asyncioreactor.AsyncioSelectorReactor'}
2023-01-16 19:04:36 [asyncio] DEBUG: Using selector: SelectSelector
2023-01-16 19:04:36 [scrapy.utils.log] DEBUG: Using reactor: twisted.internet.asyncioreactor.AsyncioSelectorReactor
2023-01-16 19:04:36 [scrapy.utils.log] DEBUG: Using asyncio event loop: asyncio.windows_events._WindowsSelectorEventLoop
2023-01-16 19:04:36 [scrapy.extensions.telnet] INFO: Telnet Password: 2d223508ee5e3a90
2023-01-16 19:04:36 [scrapy.middleware] INFO: Enabled extensions:
['scrapy.extensions.corestats.CoreStats',
 'scrapy.extensions.telnet.TelnetConsole',
 'scrapy.extensions.feedexport.FeedExporter',
 'scrapy.extensions.logstats.LogStats']
2023-01-16 19:04:36 [scrapy.middleware] INFO: Enabled downloader middlewares:
['scrapy.downloadermiddlewares.robotstxt.RobotsTxtMiddleware',
 'scrapy.downloadermiddlewares.httpauth.HttpAuthMiddleware',
 'scrapy.downloadermiddlewares.downloadtimeout.DownloadTimeoutMiddleware',
 'scrapy.downloadermiddlewares.defaultheaders.DefaultHeadersMiddleware',
 'scrapy.downloadermiddlewares.useragent.UserAgentMiddleware',
 'scrapy.downloadermiddlewares.retry.RetryMiddleware',
 'scrapy.downloadermiddlewares.redirect.MetaRefreshMiddleware',
 'scrapy.downloadermiddlewares.httpcompression.HttpCompressionMiddleware',
 'scrapy.downloadermiddlewares.redirect.RedirectMiddleware',
 'scrapy.downloadermiddlewares.cookies.CookiesMiddleware',
 'scrapy.downloadermiddlewares.httpproxy.HttpProxyMiddleware',
 'scrapy.downloadermiddlewares.stats.DownloaderStats']
2023-01-16 19:04:36 [scrapy.middleware] INFO: Enabled spider middlewares:
['scrapy.spidermiddlewares.httperror.HttpErrorMiddleware',
 'scrapy.spidermiddlewares.offsite.OffsiteMiddleware',
 'scrapy.spidermiddlewares.referer.RefererMiddleware',
 'scrapy.spidermiddlewares.urllength.UrlLengthMiddleware',
 'scrapy.spidermiddlewares.depth.DepthMiddleware']
2023-01-16 19:04:36 [scrapy.middleware] INFO: Enabled item pipelines:
[]
2023-01-16 19:04:36 [scrapy.core.engine] INFO: Spider opened
2023-01-16 19:04:36 [scrapy.extensions.logstats] INFO: Crawled 0 pages (at 0 pages/min), scraped 0 items (at 0 items/min)
2023-01-16 19:04:36 [scrapy.extensions.telnet] INFO: Telnet console listening on 127.0.0.1:6023
2023-01-16 19:04:38 [filelock] DEBUG: Attempting to acquire lock 1756841900784 on C:\Users\MohideenAbdulKhadir\AppData\Local\Programs\Python\Python310\lib\site-packages\tldextract\.suffix_cache/publicsuffix.org-tlds\de84b5ca2167d4c83e38fb162f2e8738.tldextract.json.lock
2023-01-16 19:04:38 [filelock] DEBUG: Lock 1756841900784 acquired on C:\Users\MohideenAbdulKhadir\AppData\Local\Programs\Python\Python310\lib\site-packages\tldextract\.suffix_cache/publicsuffix.org-tlds\de84b5ca2167d4c83e38fb162f2e8738.tldextract.json.lock
2023-01-16 19:04:38 [filelock] DEBUG: Attempting to release lock 1756841900784 on C:\Users\MohideenAbdulKhadir\AppData\Local\Programs\Python\Python310\lib\site-packages\tldextract\.suffix_cache/publicsuffix.org-tlds\de84b5ca2167d4c83e38fb162f2e8738.tldextract.json.lock
2023-01-16 19:04:38 [filelock] DEBUG: Lock 1756841900784 released on C:\Users\MohideenAbdulKhadir\AppData\Local\Programs\Python\Python310\lib\site-packages\tldextract\.suffix_cache/publicsuffix.org-tlds\de84b5ca2167d4c83e38fb162f2e8738.tldextract.json.lock
2023-01-16 19:04:38 [scrapy.core.engine] DEBUG: Crawled (404) <GET https://vpic.nhtsa.dot.gov/robots.txt> (referer: None)
2023-01-16 19:04:38 [scrapy.core.engine] DEBUG: Crawled (200) <GET https://vpic.nhtsa.dot.gov/api/vehicles/DecodeVin/5YJYGDED2MF132752?format=json> (referer: None)
2023-01-16 19:04:39 [driveway] INFO: =============Got successful response from <200 https://vpic.nhtsa.dot.gov/api/vehicles/DecodeVin/5YJYGDED2MF132752?format=json>
2023-01-16 19:04:39 [scrapy.core.engine] DEBUG: Crawled (404) <GET https://api-gateway.driveway.com/robots.txt> (referer: None)
2023-01-16 19:04:39 [protego] DEBUG: Rule at line 1 without any user agent to enforce it on.
2023-01-16 19:04:40 [scrapy.core.engine] DEBUG: Crawled (400) <POST https://api-gateway.driveway.com/sell/v8/offer?dealershipCode=cdjr-pocatello&saleType=SELL&key=e6c1852eb5124b1890fbd17ad53e870a> (referer: https://vpic.nhtsa.dot.gov/api/vehicles/DecodeVin/5YJYGDED2MF132752?format=json)
2023-01-16 19:04:40 [scrapy.spidermiddlewares.httperror] INFO: Ignoring response <400 https://api-gateway.driveway.com/sell/v8/offer?dealershipCode=cdjr-pocatello&saleType=SELL&key=e6c1852eb5124b1890fbd17ad53e870a>: HTTP status code is not handled or not allowed
2023-01-16 19:04:40 [scrapy.core.engine] INFO: Closing spider (finished)
2023-01-16 19:04:40 [scrapy.statscollectors] INFO: Dumping Scrapy stats:
{'downloader/request_bytes': 3975,
 'downloader/request_count': 4,
 'downloader/request_method_count/GET': 3,
 'downloader/request_method_count/POST': 1,
 'downloader/response_bytes': 5258,
 'downloader/response_count': 4,
 'downloader/response_status_count/200': 1,
 'downloader/response_status_count/400': 1,
 'downloader/response_status_count/404': 2,
 'elapsed_time_seconds': 4.300285,
 'finish_reason': 'finished',
 'finish_time': datetime.datetime(2023, 1, 16, 13, 34, 40, 824993),
 'httpcompression/response_bytes': 11855,
 'httpcompression/response_count': 1,
 'httperror/response_ignored_count': 1,
 'httperror/response_ignored_status_count/400': 1,
 'log_count/DEBUG': 12,
 'log_count/INFO': 12,
 'request_depth_max': 1,
 'response_received_count': 4,
 'robotstxt/request_count': 2,
 'robotstxt/response_count': 2,
 'robotstxt/response_status_count/404': 2,
 'scheduler/dequeued': 2,
 'scheduler/dequeued/memory': 2,
 'scheduler/enqueued': 2,
 'scheduler/enqueued/memory': 2,
 'start_time': datetime.datetime(2023, 1, 16, 13, 34, 36, 524708)}
2023-01-16 19:04:40 [scrapy.core.engine] INFO: Spider closed (finished)